2017-11-10 02:41:50,277 INFO      Preparing Action ID: 1, "create_index"
2017-11-10 02:41:50,280 INFO      Trying Action ID: 1, "create_index": For monthly creation of Elasticsearch index
2017-11-10 02:41:50,280 INFO      DRY-RUN MODE.  No changes will be made.
2017-11-10 02:41:50,280 INFO      DRY-RUN: create_index "graylog-aws-2017-11" with arguments: {'settings': {'number_of_replicas': 0, 'number_of:shards': 4}}
2017-11-10 02:41:50,280 INFO      Action ID: 1, "create_index" completed.
2017-11-10 02:41:50,280 INFO      Job completed.
2017-11-10 02:44:26,582 INFO      Preparing Action ID: 1, "create_index"
2017-11-10 02:44:26,585 INFO      Trying Action ID: 1, "create_index": For monthly creation of Elasticsearch index
2017-11-10 02:44:26,585 INFO      Creating index "graylog-aws-2017-11" with settings: {'settings': {'number_of_replicas': 0, 'number_of:shards': 4}}
2017-11-10 02:44:26,591 ERROR     Failed to complete action: create_index.  <class 'curator.exceptions.FailedExecution'>: Exception encountered.  Rerun with loglevel DEBUG and/or check Elasticsearch logs for more information. Exception: TransportError(400, u'illegal_argument_exception', u'unknown setting [index.number_of:shards] did you mean [index.number_of_shards]?')
2017-11-10 02:45:28,566 INFO      Preparing Action ID: 1, "create_index"
2017-11-10 02:45:28,569 INFO      Trying Action ID: 1, "create_index": For monthly creation of Elasticsearch index
2017-11-10 02:45:28,569 INFO      DRY-RUN MODE.  No changes will be made.
2017-11-10 02:45:28,569 INFO      DRY-RUN: create_index "graylog-aws-2017-11" with arguments: {'settings': {'number_of_replicas': 0, 'number_of:shards': 4}}
2017-11-10 02:45:28,569 INFO      Action ID: 1, "create_index" completed.
2017-11-10 02:45:28,569 INFO      Job completed.
2017-11-10 02:45:36,654 INFO      Preparing Action ID: 1, "create_index"
2017-11-10 02:45:36,657 INFO      Trying Action ID: 1, "create_index": For monthly creation of Elasticsearch index
2017-11-10 02:45:36,657 INFO      Creating index "graylog-aws-2017-11" with settings: {'settings': {'number_of_replicas': 0, 'number_of:shards': 4}}
2017-11-10 02:45:36,660 ERROR     Failed to complete action: create_index.  <class 'curator.exceptions.FailedExecution'>: Exception encountered.  Rerun with loglevel DEBUG and/or check Elasticsearch logs for more information. Exception: TransportError(400, u'illegal_argument_exception', u'unknown setting [index.number_of:shards] did you mean [index.number_of_shards]?')
2017-11-10 02:48:06,526 INFO      Preparing Action ID: 1, "create_index"
2017-11-10 02:48:06,530 INFO      Trying Action ID: 1, "create_index": For monthly creation of Elasticsearch index
2017-11-10 02:48:06,530 INFO      DRY-RUN MODE.  No changes will be made.
2017-11-10 02:48:06,530 INFO      DRY-RUN: create_index "graylog-aws-2017-11" with arguments: {'settings': {'number_of_replicas': 0, 'number_of:shards': 4}}
2017-11-10 02:48:06,530 INFO      Action ID: 1, "create_index" completed.
2017-11-10 02:48:06,530 INFO      Job completed.
2017-11-10 02:48:21,307 INFO      Preparing Action ID: 1, "create_index"
2017-11-10 02:48:21,310 INFO      Trying Action ID: 1, "create_index": For monthly creation of Elasticsearch index
2017-11-10 02:48:21,311 INFO      Creating index "graylog-aws-2017-11" with settings: {'settings': {'number_of_replicas': 0, 'number_of:shards': 4}}
2017-11-10 02:48:21,314 ERROR     Failed to complete action: create_index.  <class 'curator.exceptions.FailedExecution'>: Exception encountered.  Rerun with loglevel DEBUG and/or check Elasticsearch logs for more information. Exception: TransportError(400, u'illegal_argument_exception', u'unknown setting [index.number_of:shards] did you mean [index.number_of_shards]?')
2017-11-10 02:49:34,563 DEBUG                curator.cli                    run:108  Client and logging options validated.
2017-11-10 02:49:34,563 DEBUG                curator.cli                    run:112  default_timeout = 30
2017-11-10 02:49:34,563 DEBUG                curator.cli                    run:116  action_file: ./create_index.yml
2017-11-10 02:49:34,565 DEBUG                curator.cli                    run:118  action_config: {'actions': {1: {'action': 'create_index', 'description': 'For monthly creation of Elasticsearch index', 'options': {'continue_if_exception': False, 'extra_settings': {'settings': {'number_of_replicas': 0, 'number_of:shards': 4}}, 'timeout_override': None, 'name': 'graylog-aws-%Y-%m', 'disable_action': False}}}}
2017-11-10 02:49:34,566 DEBUG     curator.validators.SchemaCheck               __init__:26   Schema: {'actions': <type 'dict'>}
2017-11-10 02:49:34,566 DEBUG     curator.validators.SchemaCheck               __init__:27   "Actions File" config: {'actions': {1: {'action': 'create_index', 'description': 'For monthly creation of Elasticsearch index', 'options': {'continue_if_exception': False, 'extra_settings': {'settings': {'number_of_replicas': 0, 'number_of:shards': 4}}, 'timeout_override': None, 'name': 'graylog-aws-%Y-%m', 'disable_action': False}}}}
2017-11-10 02:49:34,566 DEBUG     curator.validators.SchemaCheck               __init__:26   Schema: {'action': Any([In(['alias', 'allocation', 'close', 'cluster_routing', 'create_index', 'delete_indices', 'delete_snapshots', 'forcemerge', 'index_settings', 'open', 'reindex', 'replicas', 'restore', 'rollover', 'shrink', 'snapshot'])])}
2017-11-10 02:49:34,566 DEBUG     curator.validators.SchemaCheck               __init__:27   "action type" config: {'action': 'create_index', 'description': 'For monthly creation of Elasticsearch index', 'options': {'continue_if_exception': False, 'extra_settings': {'settings': {'number_of_replicas': 0, 'number_of:shards': 4}}, 'timeout_override': None, 'name': 'graylog-aws-%Y-%m', 'disable_action': False}}
2017-11-10 02:49:34,567 DEBUG     curator.validators.SchemaCheck               __init__:26   Schema: {'action': Any([In(['alias', 'allocation', 'close', 'cluster_routing', 'create_index', 'delete_indices', 'delete_snapshots', 'forcemerge', 'index_settings', 'open', 'reindex', 'replicas', 'restore', 'rollover', 'shrink', 'snapshot'])]), 'description': Any([<type 'str'>, <type 'unicode'>]), 'options': <type 'dict'>}
2017-11-10 02:49:34,567 DEBUG     curator.validators.SchemaCheck               __init__:27   "structure" config: {'action': 'create_index', 'description': 'For monthly creation of Elasticsearch index', 'options': {'continue_if_exception': False, 'extra_settings': {'settings': {'number_of_replicas': 0, 'number_of:shards': 4}}, 'timeout_override': None, 'name': 'graylog-aws-%Y-%m', 'disable_action': False}}
2017-11-10 02:49:34,570 DEBUG     curator.validators.SchemaCheck               __init__:26   Schema: {'continue_if_exception': Any([<type 'bool'>, All(Any([<type 'str'>, <type 'unicode'>]), <function Boolean at 0x7f47556b91b8>, msg=None)]), 'timeout_override': Any([Coerce(int, msg=None), None]), 'name': Any([<type 'str'>, <type 'unicode'>]), 'disable_action': Any([<type 'bool'>, All(Any([<type 'str'>, <type 'unicode'>]), <function Boolean at 0x7f47556b95f0>, msg=None)]), 'extra_settings': <type 'dict'>, 'ignore_empty_list': Any([<type 'bool'>, All(Any([<type 'str'>, <type 'unicode'>]), <function Boolean at 0x7f47556b9a28>, msg=None)])}
2017-11-10 02:49:34,571 DEBUG     curator.validators.SchemaCheck               __init__:27   "options" config: {'continue_if_exception': False, 'extra_settings': {'settings': {'number_of_replicas': 0, 'number_of:shards': 4}}, 'name': 'graylog-aws-%Y-%m', 'disable_action': False}
2017-11-10 02:49:34,571 DEBUG                curator.cli                    run:121  Full list of actions: {1: {'action': 'create_index', 'description': 'For monthly creation of Elasticsearch index', 'options': {'name': 'graylog-aws-%Y-%m', 'ignore_empty_list': False, 'continue_if_exception': False, 'timeout_override': None, 'disable_action': False, 'extra_settings': {'settings': {'number_of_replicas': 0, 'number_of:shards': 4}}}}}
2017-11-10 02:49:34,571 DEBUG                curator.cli                    run:126  action_disabled = False
2017-11-10 02:49:34,571 DEBUG                curator.cli                    run:130  continue_if_exception = False
2017-11-10 02:49:34,571 DEBUG                curator.cli                    run:132  timeout_override = None
2017-11-10 02:49:34,571 DEBUG                curator.cli                    run:134  ignore_empty_list = False
2017-11-10 02:49:34,571 INFO                 curator.cli                    run:144  Preparing Action ID: 1, "create_index"
2017-11-10 02:49:34,571 DEBUG              curator.utils             get_client:803  kwargs = {'aws_secret_key': None, 'url_prefix': '', 'http_auth': None, 'certificate': None, 'aws_key': None, 'aws_sign_request': False, 'port': 9200, 'hosts': ['127.0.0.1'], 'timeout': 30, 'aws_token': None, 'use_ssl': False, 'master_only': False, 'client_cert': None, 'ssl_no_validate': False, 'client_key': None}
2017-11-10 02:49:34,571 DEBUG              curator.utils             get_client:878  Not using "requests_aws4auth" python module to connect.
2017-11-10 02:49:34,574 DEBUG              curator.utils          check_version:689  Detected Elasticsearch version 5.5.1
2017-11-10 02:49:34,574 DEBUG                curator.cli                    run:159  client is <class 'elasticsearch.client.Elasticsearch'>
2017-11-10 02:49:34,575 INFO                 curator.cli                    run:165  Trying Action ID: 1, "create_index": For monthly creation of Elasticsearch index
2017-11-10 02:49:34,575 DEBUG                curator.cli         process_action:44   Configuration dictionary: {'action': 'create_index', 'description': 'For monthly creation of Elasticsearch index', 'options': {'name': 'graylog-aws-%Y-%m', 'extra_settings': {'settings': {'number_of_replicas': 0, 'number_of:shards': 4}}}}
2017-11-10 02:49:34,575 DEBUG                curator.cli         process_action:45   kwargs: {'master_timeout': 30, 'dry_run': False}
2017-11-10 02:49:34,575 DEBUG                curator.cli         process_action:50   opts: {'name': 'graylog-aws-%Y-%m', 'extra_settings': {'settings': {'number_of_replicas': 0, 'number_of:shards': 4}}}
2017-11-10 02:49:34,575 DEBUG                curator.cli         process_action:62   Action kwargs: {'extra_settings': {'settings': {'number_of_replicas': 0, 'number_of:shards': 4}}, 'name': 'graylog-aws-%Y-%m'}
2017-11-10 02:49:34,575 DEBUG              curator.utils     parse_date_pattern:1341 Partially rendered name: g
2017-11-10 02:49:34,575 DEBUG              curator.utils     parse_date_pattern:1341 Partially rendered name: gr
2017-11-10 02:49:34,575 DEBUG              curator.utils     parse_date_pattern:1341 Partially rendered name: gra
2017-11-10 02:49:34,575 DEBUG              curator.utils     parse_date_pattern:1341 Partially rendered name: gray
2017-11-10 02:49:34,575 DEBUG              curator.utils     parse_date_pattern:1341 Partially rendered name: grayl
2017-11-10 02:49:34,575 DEBUG              curator.utils     parse_date_pattern:1341 Partially rendered name: graylo
2017-11-10 02:49:34,575 DEBUG              curator.utils     parse_date_pattern:1341 Partially rendered name: graylog
2017-11-10 02:49:34,576 DEBUG              curator.utils     parse_date_pattern:1341 Partially rendered name: graylog-
2017-11-10 02:49:34,576 DEBUG              curator.utils     parse_date_pattern:1341 Partially rendered name: graylog-a
2017-11-10 02:49:34,576 DEBUG              curator.utils     parse_date_pattern:1341 Partially rendered name: graylog-aw
2017-11-10 02:49:34,576 DEBUG              curator.utils     parse_date_pattern:1341 Partially rendered name: graylog-aws
2017-11-10 02:49:34,576 DEBUG              curator.utils     parse_date_pattern:1341 Partially rendered name: graylog-aws-
2017-11-10 02:49:34,576 DEBUG              curator.utils     parse_date_pattern:1341 Partially rendered name: graylog-aws-
2017-11-10 02:49:34,576 DEBUG              curator.utils     parse_date_pattern:1341 Partially rendered name: graylog-aws-2017
2017-11-10 02:49:34,576 DEBUG              curator.utils     parse_date_pattern:1341 Partially rendered name: graylog-aws-2017-
2017-11-10 02:49:34,576 DEBUG              curator.utils     parse_date_pattern:1341 Partially rendered name: graylog-aws-2017-
2017-11-10 02:49:34,576 DEBUG              curator.utils     parse_date_pattern:1341 Partially rendered name: graylog-aws-2017-11
2017-11-10 02:49:34,576 DEBUG              curator.utils     parse_date_pattern:1343 Fully rendered name: graylog-aws-2017-11
2017-11-10 02:49:34,576 DEBUG                curator.cli         process_action:99   Doing the action here.
2017-11-10 02:49:34,576 INFO      curator.actions.create_index              do_action:438  Creating index "graylog-aws-2017-11" with settings: {'settings': {'number_of_replicas': 0, 'number_of:shards': 4}}
2017-11-10 02:49:34,578 ERROR                curator.cli                    run:184  Failed to complete action: create_index.  <class 'curator.exceptions.FailedExecution'>: Exception encountered.  Rerun with loglevel DEBUG and/or check Elasticsearch logs for more information. Exception: TransportError(400, u'illegal_argument_exception', u'unknown setting [index.number_of:shards] did you mean [index.number_of_shards]?')
2017-11-10 02:50:22,288 DEBUG                curator.cli                    run:108  Client and logging options validated.
2017-11-10 02:50:22,288 DEBUG                curator.cli                    run:112  default_timeout = 30
2017-11-10 02:50:22,288 DEBUG                curator.cli                    run:116  action_file: ./create_index.yml
2017-11-10 02:50:22,291 DEBUG                curator.cli                    run:118  action_config: {'actions': {1: {'action': 'create_index', 'description': 'For monthly creation of Elasticsearch index', 'options': {'continue_if_exception': False, 'extra_settings': {'settings': {'number_of_replicas': 0, 'number_of:shards': 4}}, 'timeout_override': None, 'name': 'graylog-aws-%Y-%m', 'disable_action': False}}}}
2017-11-10 02:50:22,291 DEBUG     curator.validators.SchemaCheck               __init__:26   Schema: {'actions': <type 'dict'>}
2017-11-10 02:50:22,291 DEBUG     curator.validators.SchemaCheck               __init__:27   "Actions File" config: {'actions': {1: {'action': 'create_index', 'description': 'For monthly creation of Elasticsearch index', 'options': {'continue_if_exception': False, 'extra_settings': {'settings': {'number_of_replicas': 0, 'number_of:shards': 4}}, 'timeout_override': None, 'name': 'graylog-aws-%Y-%m', 'disable_action': False}}}}
2017-11-10 02:50:22,291 DEBUG     curator.validators.SchemaCheck               __init__:26   Schema: {'action': Any([In(['alias', 'allocation', 'close', 'cluster_routing', 'create_index', 'delete_indices', 'delete_snapshots', 'forcemerge', 'index_settings', 'open', 'reindex', 'replicas', 'restore', 'rollover', 'shrink', 'snapshot'])])}
2017-11-10 02:50:22,291 DEBUG     curator.validators.SchemaCheck               __init__:27   "action type" config: {'action': 'create_index', 'description': 'For monthly creation of Elasticsearch index', 'options': {'continue_if_exception': False, 'extra_settings': {'settings': {'number_of_replicas': 0, 'number_of:shards': 4}}, 'timeout_override': None, 'name': 'graylog-aws-%Y-%m', 'disable_action': False}}
2017-11-10 02:50:22,292 DEBUG     curator.validators.SchemaCheck               __init__:26   Schema: {'action': Any([In(['alias', 'allocation', 'close', 'cluster_routing', 'create_index', 'delete_indices', 'delete_snapshots', 'forcemerge', 'index_settings', 'open', 'reindex', 'replicas', 'restore', 'rollover', 'shrink', 'snapshot'])]), 'description': Any([<type 'str'>, <type 'unicode'>]), 'options': <type 'dict'>}
2017-11-10 02:50:22,292 DEBUG     curator.validators.SchemaCheck               __init__:27   "structure" config: {'action': 'create_index', 'description': 'For monthly creation of Elasticsearch index', 'options': {'continue_if_exception': False, 'extra_settings': {'settings': {'number_of_replicas': 0, 'number_of:shards': 4}}, 'timeout_override': None, 'name': 'graylog-aws-%Y-%m', 'disable_action': False}}
2017-11-10 02:50:22,295 DEBUG     curator.validators.SchemaCheck               __init__:26   Schema: {'continue_if_exception': Any([<type 'bool'>, All(Any([<type 'str'>, <type 'unicode'>]), <function Boolean at 0x7fc49e76e1b8>, msg=None)]), 'timeout_override': Any([Coerce(int, msg=None), None]), 'name': Any([<type 'str'>, <type 'unicode'>]), 'disable_action': Any([<type 'bool'>, All(Any([<type 'str'>, <type 'unicode'>]), <function Boolean at 0x7fc49e76e5f0>, msg=None)]), 'extra_settings': <type 'dict'>, 'ignore_empty_list': Any([<type 'bool'>, All(Any([<type 'str'>, <type 'unicode'>]), <function Boolean at 0x7fc49e76ea28>, msg=None)])}
2017-11-10 02:50:22,296 DEBUG     curator.validators.SchemaCheck               __init__:27   "options" config: {'continue_if_exception': False, 'extra_settings': {'settings': {'number_of_replicas': 0, 'number_of:shards': 4}}, 'name': 'graylog-aws-%Y-%m', 'disable_action': False}
2017-11-10 02:50:22,296 DEBUG                curator.cli                    run:121  Full list of actions: {1: {'action': 'create_index', 'description': 'For monthly creation of Elasticsearch index', 'options': {'name': 'graylog-aws-%Y-%m', 'ignore_empty_list': False, 'continue_if_exception': False, 'timeout_override': None, 'disable_action': False, 'extra_settings': {'settings': {'number_of_replicas': 0, 'number_of:shards': 4}}}}}
2017-11-10 02:50:22,296 DEBUG                curator.cli                    run:126  action_disabled = False
2017-11-10 02:50:22,296 DEBUG                curator.cli                    run:130  continue_if_exception = False
2017-11-10 02:50:22,296 DEBUG                curator.cli                    run:132  timeout_override = None
2017-11-10 02:50:22,296 DEBUG                curator.cli                    run:134  ignore_empty_list = False
2017-11-10 02:50:22,296 INFO                 curator.cli                    run:144  Preparing Action ID: 1, "create_index"
2017-11-10 02:50:22,297 DEBUG              curator.utils             get_client:803  kwargs = {'aws_secret_key': None, 'url_prefix': '', 'http_auth': None, 'certificate': None, 'aws_key': None, 'aws_sign_request': False, 'port': 9200, 'hosts': ['127.0.0.1'], 'timeout': 30, 'aws_token': None, 'use_ssl': False, 'master_only': False, 'client_cert': None, 'ssl_no_validate': False, 'client_key': None}
2017-11-10 02:50:22,297 DEBUG              curator.utils             get_client:878  Not using "requests_aws4auth" python module to connect.
2017-11-10 02:50:22,299 DEBUG              curator.utils          check_version:689  Detected Elasticsearch version 5.5.1
2017-11-10 02:50:22,300 DEBUG                curator.cli                    run:159  client is <class 'elasticsearch.client.Elasticsearch'>
2017-11-10 02:50:22,300 INFO                 curator.cli                    run:165  Trying Action ID: 1, "create_index": For monthly creation of Elasticsearch index
2017-11-10 02:50:22,300 DEBUG                curator.cli         process_action:44   Configuration dictionary: {'action': 'create_index', 'description': 'For monthly creation of Elasticsearch index', 'options': {'name': 'graylog-aws-%Y-%m', 'extra_settings': {'settings': {'number_of_replicas': 0, 'number_of:shards': 4}}}}
2017-11-10 02:50:22,300 DEBUG                curator.cli         process_action:45   kwargs: {'master_timeout': 30, 'dry_run': False}
2017-11-10 02:50:22,300 DEBUG                curator.cli         process_action:50   opts: {'name': 'graylog-aws-%Y-%m', 'extra_settings': {'settings': {'number_of_replicas': 0, 'number_of:shards': 4}}}
2017-11-10 02:50:22,300 DEBUG                curator.cli         process_action:62   Action kwargs: {'extra_settings': {'settings': {'number_of_replicas': 0, 'number_of:shards': 4}}, 'name': 'graylog-aws-%Y-%m'}
2017-11-10 02:50:22,300 DEBUG              curator.utils     parse_date_pattern:1341 Partially rendered name: g
2017-11-10 02:50:22,300 DEBUG              curator.utils     parse_date_pattern:1341 Partially rendered name: gr
2017-11-10 02:50:22,300 DEBUG              curator.utils     parse_date_pattern:1341 Partially rendered name: gra
2017-11-10 02:50:22,301 DEBUG              curator.utils     parse_date_pattern:1341 Partially rendered name: gray
2017-11-10 02:50:22,301 DEBUG              curator.utils     parse_date_pattern:1341 Partially rendered name: grayl
2017-11-10 02:50:22,301 DEBUG              curator.utils     parse_date_pattern:1341 Partially rendered name: graylo
2017-11-10 02:50:22,301 DEBUG              curator.utils     parse_date_pattern:1341 Partially rendered name: graylog
2017-11-10 02:50:22,301 DEBUG              curator.utils     parse_date_pattern:1341 Partially rendered name: graylog-
2017-11-10 02:50:22,301 DEBUG              curator.utils     parse_date_pattern:1341 Partially rendered name: graylog-a
2017-11-10 02:50:22,301 DEBUG              curator.utils     parse_date_pattern:1341 Partially rendered name: graylog-aw
2017-11-10 02:50:22,301 DEBUG              curator.utils     parse_date_pattern:1341 Partially rendered name: graylog-aws
2017-11-10 02:50:22,301 DEBUG              curator.utils     parse_date_pattern:1341 Partially rendered name: graylog-aws-
2017-11-10 02:50:22,301 DEBUG              curator.utils     parse_date_pattern:1341 Partially rendered name: graylog-aws-
2017-11-10 02:50:22,301 DEBUG              curator.utils     parse_date_pattern:1341 Partially rendered name: graylog-aws-2017
2017-11-10 02:50:22,302 DEBUG              curator.utils     parse_date_pattern:1341 Partially rendered name: graylog-aws-2017-
2017-11-10 02:50:22,302 DEBUG              curator.utils     parse_date_pattern:1341 Partially rendered name: graylog-aws-2017-
2017-11-10 02:50:22,302 DEBUG              curator.utils     parse_date_pattern:1341 Partially rendered name: graylog-aws-2017-11
2017-11-10 02:50:22,302 DEBUG              curator.utils     parse_date_pattern:1343 Fully rendered name: graylog-aws-2017-11
2017-11-10 02:50:22,302 DEBUG                curator.cli         process_action:99   Doing the action here.
2017-11-10 02:50:22,302 INFO      curator.actions.create_index              do_action:438  Creating index "graylog-aws-2017-11" with settings: {'settings': {'number_of_replicas': 0, 'number_of:shards': 4}}
2017-11-10 02:50:22,304 ERROR                curator.cli                    run:184  Failed to complete action: create_index.  <class 'curator.exceptions.FailedExecution'>: Exception encountered.  Rerun with loglevel DEBUG and/or check Elasticsearch logs for more information. Exception: TransportError(400, u'illegal_argument_exception', u'unknown setting [index.number_of:shards] did you mean [index.number_of_shards]?')
2017-11-10 02:52:48,605 DEBUG                curator.cli                    run:108  Client and logging options validated.
2017-11-10 02:52:48,605 DEBUG                curator.cli                    run:112  default_timeout = 30
2017-11-10 02:52:48,606 DEBUG                curator.cli                    run:116  action_file: ./create_index.yml
2017-11-10 02:52:48,608 DEBUG                curator.cli                    run:118  action_config: {'actions': {1: {'action': 'create_index', 'description': 'For monthly creation of Elasticsearch index', 'options': {'continue_if_exception': False, 'extra_settings': {'settings': {'index.number_of_replicas': '0', 'index.number_of:shards': '4'}}, 'timeout_override': None, 'name': 'graylog-aws-%Y-%m', 'disable_action': False}}}}
2017-11-10 02:52:48,608 DEBUG     curator.validators.SchemaCheck               __init__:26   Schema: {'actions': <type 'dict'>}
2017-11-10 02:52:48,608 DEBUG     curator.validators.SchemaCheck               __init__:27   "Actions File" config: {'actions': {1: {'action': 'create_index', 'description': 'For monthly creation of Elasticsearch index', 'options': {'continue_if_exception': False, 'extra_settings': {'settings': {'index.number_of_replicas': '0', 'index.number_of:shards': '4'}}, 'timeout_override': None, 'name': 'graylog-aws-%Y-%m', 'disable_action': False}}}}
2017-11-10 02:52:48,608 DEBUG     curator.validators.SchemaCheck               __init__:26   Schema: {'action': Any([In(['alias', 'allocation', 'close', 'cluster_routing', 'create_index', 'delete_indices', 'delete_snapshots', 'forcemerge', 'index_settings', 'open', 'reindex', 'replicas', 'restore', 'rollover', 'shrink', 'snapshot'])])}
2017-11-10 02:52:48,609 DEBUG     curator.validators.SchemaCheck               __init__:27   "action type" config: {'action': 'create_index', 'description': 'For monthly creation of Elasticsearch index', 'options': {'continue_if_exception': False, 'extra_settings': {'settings': {'index.number_of_replicas': '0', 'index.number_of:shards': '4'}}, 'timeout_override': None, 'name': 'graylog-aws-%Y-%m', 'disable_action': False}}
2017-11-10 02:52:48,609 DEBUG     curator.validators.SchemaCheck               __init__:26   Schema: {'action': Any([In(['alias', 'allocation', 'close', 'cluster_routing', 'create_index', 'delete_indices', 'delete_snapshots', 'forcemerge', 'index_settings', 'open', 'reindex', 'replicas', 'restore', 'rollover', 'shrink', 'snapshot'])]), 'description': Any([<type 'str'>, <type 'unicode'>]), 'options': <type 'dict'>}
2017-11-10 02:52:48,609 DEBUG     curator.validators.SchemaCheck               __init__:27   "structure" config: {'action': 'create_index', 'description': 'For monthly creation of Elasticsearch index', 'options': {'continue_if_exception': False, 'extra_settings': {'settings': {'index.number_of_replicas': '0', 'index.number_of:shards': '4'}}, 'timeout_override': None, 'name': 'graylog-aws-%Y-%m', 'disable_action': False}}
2017-11-10 02:52:48,613 DEBUG     curator.validators.SchemaCheck               __init__:26   Schema: {'continue_if_exception': Any([<type 'bool'>, All(Any([<type 'str'>, <type 'unicode'>]), <function Boolean at 0x7f4c93ed01b8>, msg=None)]), 'timeout_override': Any([Coerce(int, msg=None), None]), 'name': Any([<type 'str'>, <type 'unicode'>]), 'disable_action': Any([<type 'bool'>, All(Any([<type 'str'>, <type 'unicode'>]), <function Boolean at 0x7f4c93ed05f0>, msg=None)]), 'extra_settings': <type 'dict'>, 'ignore_empty_list': Any([<type 'bool'>, All(Any([<type 'str'>, <type 'unicode'>]), <function Boolean at 0x7f4c93ed0a28>, msg=None)])}
2017-11-10 02:52:48,613 DEBUG     curator.validators.SchemaCheck               __init__:27   "options" config: {'continue_if_exception': False, 'extra_settings': {'settings': {'index.number_of_replicas': '0', 'index.number_of:shards': '4'}}, 'name': 'graylog-aws-%Y-%m', 'disable_action': False}
2017-11-10 02:52:48,613 DEBUG                curator.cli                    run:121  Full list of actions: {1: {'action': 'create_index', 'description': 'For monthly creation of Elasticsearch index', 'options': {'name': 'graylog-aws-%Y-%m', 'ignore_empty_list': False, 'continue_if_exception': False, 'timeout_override': None, 'disable_action': False, 'extra_settings': {'settings': {'index.number_of_replicas': '0', 'index.number_of:shards': '4'}}}}}
2017-11-10 02:52:48,613 DEBUG                curator.cli                    run:126  action_disabled = False
2017-11-10 02:52:48,613 DEBUG                curator.cli                    run:130  continue_if_exception = False
2017-11-10 02:52:48,614 DEBUG                curator.cli                    run:132  timeout_override = None
2017-11-10 02:52:48,614 DEBUG                curator.cli                    run:134  ignore_empty_list = False
2017-11-10 02:52:48,614 INFO                 curator.cli                    run:144  Preparing Action ID: 1, "create_index"
2017-11-10 02:52:48,614 DEBUG              curator.utils             get_client:803  kwargs = {'aws_secret_key': None, 'url_prefix': '', 'http_auth': None, 'certificate': None, 'aws_key': None, 'aws_sign_request': False, 'port': 9200, 'hosts': ['127.0.0.1'], 'timeout': 30, 'aws_token': None, 'use_ssl': False, 'master_only': False, 'client_cert': None, 'ssl_no_validate': False, 'client_key': None}
2017-11-10 02:52:48,614 DEBUG              curator.utils             get_client:878  Not using "requests_aws4auth" python module to connect.
2017-11-10 02:52:48,617 DEBUG              curator.utils          check_version:689  Detected Elasticsearch version 5.5.1
2017-11-10 02:52:48,617 DEBUG                curator.cli                    run:159  client is <class 'elasticsearch.client.Elasticsearch'>
2017-11-10 02:52:48,617 INFO                 curator.cli                    run:165  Trying Action ID: 1, "create_index": For monthly creation of Elasticsearch index
2017-11-10 02:52:48,617 DEBUG                curator.cli         process_action:44   Configuration dictionary: {'action': 'create_index', 'description': 'For monthly creation of Elasticsearch index', 'options': {'name': 'graylog-aws-%Y-%m', 'extra_settings': {'settings': {'index.number_of_replicas': '0', 'index.number_of:shards': '4'}}}}
2017-11-10 02:52:48,617 DEBUG                curator.cli         process_action:45   kwargs: {'master_timeout': 30, 'dry_run': True}
2017-11-10 02:52:48,618 DEBUG                curator.cli         process_action:50   opts: {'name': 'graylog-aws-%Y-%m', 'extra_settings': {'settings': {'index.number_of_replicas': '0', 'index.number_of:shards': '4'}}}
2017-11-10 02:52:48,618 DEBUG                curator.cli         process_action:62   Action kwargs: {'extra_settings': {'settings': {'index.number_of_replicas': '0', 'index.number_of:shards': '4'}}, 'name': 'graylog-aws-%Y-%m'}
2017-11-10 02:52:48,618 DEBUG              curator.utils     parse_date_pattern:1341 Partially rendered name: g
2017-11-10 02:52:48,618 DEBUG              curator.utils     parse_date_pattern:1341 Partially rendered name: gr
2017-11-10 02:52:48,618 DEBUG              curator.utils     parse_date_pattern:1341 Partially rendered name: gra
2017-11-10 02:52:48,618 DEBUG              curator.utils     parse_date_pattern:1341 Partially rendered name: gray
2017-11-10 02:52:48,618 DEBUG              curator.utils     parse_date_pattern:1341 Partially rendered name: grayl
2017-11-10 02:52:48,618 DEBUG              curator.utils     parse_date_pattern:1341 Partially rendered name: graylo
2017-11-10 02:52:48,618 DEBUG              curator.utils     parse_date_pattern:1341 Partially rendered name: graylog
2017-11-10 02:52:48,618 DEBUG              curator.utils     parse_date_pattern:1341 Partially rendered name: graylog-
2017-11-10 02:52:48,618 DEBUG              curator.utils     parse_date_pattern:1341 Partially rendered name: graylog-a
2017-11-10 02:52:48,619 DEBUG              curator.utils     parse_date_pattern:1341 Partially rendered name: graylog-aw
2017-11-10 02:52:48,619 DEBUG              curator.utils     parse_date_pattern:1341 Partially rendered name: graylog-aws
2017-11-10 02:52:48,619 DEBUG              curator.utils     parse_date_pattern:1341 Partially rendered name: graylog-aws-
2017-11-10 02:52:48,619 DEBUG              curator.utils     parse_date_pattern:1341 Partially rendered name: graylog-aws-
2017-11-10 02:52:48,619 DEBUG              curator.utils     parse_date_pattern:1341 Partially rendered name: graylog-aws-2017
2017-11-10 02:52:48,619 DEBUG              curator.utils     parse_date_pattern:1341 Partially rendered name: graylog-aws-2017-
2017-11-10 02:52:48,619 DEBUG              curator.utils     parse_date_pattern:1341 Partially rendered name: graylog-aws-2017-
2017-11-10 02:52:48,619 DEBUG              curator.utils     parse_date_pattern:1341 Partially rendered name: graylog-aws-2017-11
2017-11-10 02:52:48,619 DEBUG              curator.utils     parse_date_pattern:1343 Fully rendered name: graylog-aws-2017-11
2017-11-10 02:52:48,619 INFO               curator.utils             do_dry_run:426  DRY-RUN MODE.  No changes will be made.
2017-11-10 02:52:48,620 INFO      curator.actions.create_index             do_dry_run:429  DRY-RUN: create_index "graylog-aws-2017-11" with arguments: {'settings': {'index.number_of_replicas': '0', 'index.number_of:shards': '4'}}
2017-11-10 02:52:48,620 INFO                 curator.cli                    run:194  Action ID: 1, "create_index" completed.
2017-11-10 02:52:48,620 INFO                 curator.cli                    run:195  Job completed.
2017-11-10 02:52:54,531 DEBUG                curator.cli                    run:108  Client and logging options validated.
2017-11-10 02:52:54,531 DEBUG                curator.cli                    run:112  default_timeout = 30
2017-11-10 02:52:54,531 DEBUG                curator.cli                    run:116  action_file: ./create_index.yml
2017-11-10 02:52:54,533 DEBUG                curator.cli                    run:118  action_config: {'actions': {1: {'action': 'create_index', 'description': 'For monthly creation of Elasticsearch index', 'options': {'continue_if_exception': False, 'extra_settings': {'settings': {'index.number_of_replicas': '0', 'index.number_of:shards': '4'}}, 'timeout_override': None, 'name': 'graylog-aws-%Y-%m', 'disable_action': False}}}}
2017-11-10 02:52:54,533 DEBUG     curator.validators.SchemaCheck               __init__:26   Schema: {'actions': <type 'dict'>}
2017-11-10 02:52:54,534 DEBUG     curator.validators.SchemaCheck               __init__:27   "Actions File" config: {'actions': {1: {'action': 'create_index', 'description': 'For monthly creation of Elasticsearch index', 'options': {'continue_if_exception': False, 'extra_settings': {'settings': {'index.number_of_replicas': '0', 'index.number_of:shards': '4'}}, 'timeout_override': None, 'name': 'graylog-aws-%Y-%m', 'disable_action': False}}}}
2017-11-10 02:52:54,534 DEBUG     curator.validators.SchemaCheck               __init__:26   Schema: {'action': Any([In(['alias', 'allocation', 'close', 'cluster_routing', 'create_index', 'delete_indices', 'delete_snapshots', 'forcemerge', 'index_settings', 'open', 'reindex', 'replicas', 'restore', 'rollover', 'shrink', 'snapshot'])])}
2017-11-10 02:52:54,534 DEBUG     curator.validators.SchemaCheck               __init__:27   "action type" config: {'action': 'create_index', 'description': 'For monthly creation of Elasticsearch index', 'options': {'continue_if_exception': False, 'extra_settings': {'settings': {'index.number_of_replicas': '0', 'index.number_of:shards': '4'}}, 'timeout_override': None, 'name': 'graylog-aws-%Y-%m', 'disable_action': False}}
2017-11-10 02:52:54,534 DEBUG     curator.validators.SchemaCheck               __init__:26   Schema: {'action': Any([In(['alias', 'allocation', 'close', 'cluster_routing', 'create_index', 'delete_indices', 'delete_snapshots', 'forcemerge', 'index_settings', 'open', 'reindex', 'replicas', 'restore', 'rollover', 'shrink', 'snapshot'])]), 'description': Any([<type 'str'>, <type 'unicode'>]), 'options': <type 'dict'>}
2017-11-10 02:52:54,535 DEBUG     curator.validators.SchemaCheck               __init__:27   "structure" config: {'action': 'create_index', 'description': 'For monthly creation of Elasticsearch index', 'options': {'continue_if_exception': False, 'extra_settings': {'settings': {'index.number_of_replicas': '0', 'index.number_of:shards': '4'}}, 'timeout_override': None, 'name': 'graylog-aws-%Y-%m', 'disable_action': False}}
2017-11-10 02:52:54,538 DEBUG     curator.validators.SchemaCheck               __init__:26   Schema: {'continue_if_exception': Any([<type 'bool'>, All(Any([<type 'str'>, <type 'unicode'>]), <function Boolean at 0x7f88582681b8>, msg=None)]), 'timeout_override': Any([Coerce(int, msg=None), None]), 'name': Any([<type 'str'>, <type 'unicode'>]), 'disable_action': Any([<type 'bool'>, All(Any([<type 'str'>, <type 'unicode'>]), <function Boolean at 0x7f88582685f0>, msg=None)]), 'extra_settings': <type 'dict'>, 'ignore_empty_list': Any([<type 'bool'>, All(Any([<type 'str'>, <type 'unicode'>]), <function Boolean at 0x7f8858268a28>, msg=None)])}
2017-11-10 02:52:54,539 DEBUG     curator.validators.SchemaCheck               __init__:27   "options" config: {'continue_if_exception': False, 'extra_settings': {'settings': {'index.number_of_replicas': '0', 'index.number_of:shards': '4'}}, 'name': 'graylog-aws-%Y-%m', 'disable_action': False}
2017-11-10 02:52:54,539 DEBUG                curator.cli                    run:121  Full list of actions: {1: {'action': 'create_index', 'description': 'For monthly creation of Elasticsearch index', 'options': {'name': 'graylog-aws-%Y-%m', 'ignore_empty_list': False, 'continue_if_exception': False, 'timeout_override': None, 'disable_action': False, 'extra_settings': {'settings': {'index.number_of_replicas': '0', 'index.number_of:shards': '4'}}}}}
2017-11-10 02:52:54,539 DEBUG                curator.cli                    run:126  action_disabled = False
2017-11-10 02:52:54,539 DEBUG                curator.cli                    run:130  continue_if_exception = False
2017-11-10 02:52:54,539 DEBUG                curator.cli                    run:132  timeout_override = None
2017-11-10 02:52:54,539 DEBUG                curator.cli                    run:134  ignore_empty_list = False
2017-11-10 02:52:54,540 INFO                 curator.cli                    run:144  Preparing Action ID: 1, "create_index"
2017-11-10 02:52:54,540 DEBUG              curator.utils             get_client:803  kwargs = {'aws_secret_key': None, 'url_prefix': '', 'http_auth': None, 'certificate': None, 'aws_key': None, 'aws_sign_request': False, 'port': 9200, 'hosts': ['127.0.0.1'], 'timeout': 30, 'aws_token': None, 'use_ssl': False, 'master_only': False, 'client_cert': None, 'ssl_no_validate': False, 'client_key': None}
2017-11-10 02:52:54,540 DEBUG              curator.utils             get_client:878  Not using "requests_aws4auth" python module to connect.
2017-11-10 02:52:54,543 DEBUG              curator.utils          check_version:689  Detected Elasticsearch version 5.5.1
2017-11-10 02:52:54,543 DEBUG                curator.cli                    run:159  client is <class 'elasticsearch.client.Elasticsearch'>
2017-11-10 02:52:54,543 INFO                 curator.cli                    run:165  Trying Action ID: 1, "create_index": For monthly creation of Elasticsearch index
2017-11-10 02:52:54,544 DEBUG                curator.cli         process_action:44   Configuration dictionary: {'action': 'create_index', 'description': 'For monthly creation of Elasticsearch index', 'options': {'name': 'graylog-aws-%Y-%m', 'extra_settings': {'settings': {'index.number_of_replicas': '0', 'index.number_of:shards': '4'}}}}
2017-11-10 02:52:54,544 DEBUG                curator.cli         process_action:45   kwargs: {'master_timeout': 30, 'dry_run': False}
2017-11-10 02:52:54,544 DEBUG                curator.cli         process_action:50   opts: {'name': 'graylog-aws-%Y-%m', 'extra_settings': {'settings': {'index.number_of_replicas': '0', 'index.number_of:shards': '4'}}}
2017-11-10 02:52:54,544 DEBUG                curator.cli         process_action:62   Action kwargs: {'extra_settings': {'settings': {'index.number_of_replicas': '0', 'index.number_of:shards': '4'}}, 'name': 'graylog-aws-%Y-%m'}
2017-11-10 02:52:54,544 DEBUG              curator.utils     parse_date_pattern:1341 Partially rendered name: g
2017-11-10 02:52:54,544 DEBUG              curator.utils     parse_date_pattern:1341 Partially rendered name: gr
2017-11-10 02:52:54,544 DEBUG              curator.utils     parse_date_pattern:1341 Partially rendered name: gra
2017-11-10 02:52:54,544 DEBUG              curator.utils     parse_date_pattern:1341 Partially rendered name: gray
2017-11-10 02:52:54,545 DEBUG              curator.utils     parse_date_pattern:1341 Partially rendered name: grayl
2017-11-10 02:52:54,545 DEBUG              curator.utils     parse_date_pattern:1341 Partially rendered name: graylo
2017-11-10 02:52:54,545 DEBUG              curator.utils     parse_date_pattern:1341 Partially rendered name: graylog
2017-11-10 02:52:54,545 DEBUG              curator.utils     parse_date_pattern:1341 Partially rendered name: graylog-
2017-11-10 02:52:54,545 DEBUG              curator.utils     parse_date_pattern:1341 Partially rendered name: graylog-a
2017-11-10 02:52:54,545 DEBUG              curator.utils     parse_date_pattern:1341 Partially rendered name: graylog-aw
2017-11-10 02:52:54,545 DEBUG              curator.utils     parse_date_pattern:1341 Partially rendered name: graylog-aws
2017-11-10 02:52:54,545 DEBUG              curator.utils     parse_date_pattern:1341 Partially rendered name: graylog-aws-
2017-11-10 02:52:54,545 DEBUG              curator.utils     parse_date_pattern:1341 Partially rendered name: graylog-aws-
2017-11-10 02:52:54,545 DEBUG              curator.utils     parse_date_pattern:1341 Partially rendered name: graylog-aws-2017
2017-11-10 02:52:54,545 DEBUG              curator.utils     parse_date_pattern:1341 Partially rendered name: graylog-aws-2017-
2017-11-10 02:52:54,545 DEBUG              curator.utils     parse_date_pattern:1341 Partially rendered name: graylog-aws-2017-
2017-11-10 02:52:54,545 DEBUG              curator.utils     parse_date_pattern:1341 Partially rendered name: graylog-aws-2017-11
2017-11-10 02:52:54,546 DEBUG              curator.utils     parse_date_pattern:1343 Fully rendered name: graylog-aws-2017-11
2017-11-10 02:52:54,546 DEBUG                curator.cli         process_action:99   Doing the action here.
2017-11-10 02:52:54,546 INFO      curator.actions.create_index              do_action:438  Creating index "graylog-aws-2017-11" with settings: {'settings': {'index.number_of_replicas': '0', 'index.number_of:shards': '4'}}
2017-11-10 02:52:54,548 ERROR                curator.cli                    run:184  Failed to complete action: create_index.  <class 'curator.exceptions.FailedExecution'>: Exception encountered.  Rerun with loglevel DEBUG and/or check Elasticsearch logs for more information. Exception: TransportError(400, u'illegal_argument_exception', u'unknown setting [index.number_of:shards] did you mean [index.number_of_shards]?')
2017-11-10 02:53:33,251 DEBUG                curator.cli                    run:108  Client and logging options validated.
2017-11-10 02:53:33,251 DEBUG                curator.cli                    run:112  default_timeout = 30
2017-11-10 02:53:33,251 DEBUG                curator.cli                    run:116  action_file: ./create_index.yml
2017-11-10 02:53:33,253 DEBUG                curator.cli                    run:118  action_config: {'actions': {1: {'action': 'create_index', 'description': 'For monthly creation of Elasticsearch index', 'options': {'continue_if_exception': False, 'extra_settings': {'settings': {'number_of_replicas': '0', 'number_of_shards': '4'}}, 'timeout_override': None, 'name': 'graylog-aws-%Y-%m', 'disable_action': False}}}}
2017-11-10 02:53:33,253 DEBUG     curator.validators.SchemaCheck               __init__:26   Schema: {'actions': <type 'dict'>}
2017-11-10 02:53:33,253 DEBUG     curator.validators.SchemaCheck               __init__:27   "Actions File" config: {'actions': {1: {'action': 'create_index', 'description': 'For monthly creation of Elasticsearch index', 'options': {'continue_if_exception': False, 'extra_settings': {'settings': {'number_of_replicas': '0', 'number_of_shards': '4'}}, 'timeout_override': None, 'name': 'graylog-aws-%Y-%m', 'disable_action': False}}}}
2017-11-10 02:53:33,254 DEBUG     curator.validators.SchemaCheck               __init__:26   Schema: {'action': Any([In(['alias', 'allocation', 'close', 'cluster_routing', 'create_index', 'delete_indices', 'delete_snapshots', 'forcemerge', 'index_settings', 'open', 'reindex', 'replicas', 'restore', 'rollover', 'shrink', 'snapshot'])])}
2017-11-10 02:53:33,254 DEBUG     curator.validators.SchemaCheck               __init__:27   "action type" config: {'action': 'create_index', 'description': 'For monthly creation of Elasticsearch index', 'options': {'continue_if_exception': False, 'extra_settings': {'settings': {'number_of_replicas': '0', 'number_of_shards': '4'}}, 'timeout_override': None, 'name': 'graylog-aws-%Y-%m', 'disable_action': False}}
2017-11-10 02:53:33,254 DEBUG     curator.validators.SchemaCheck               __init__:26   Schema: {'action': Any([In(['alias', 'allocation', 'close', 'cluster_routing', 'create_index', 'delete_indices', 'delete_snapshots', 'forcemerge', 'index_settings', 'open', 'reindex', 'replicas', 'restore', 'rollover', 'shrink', 'snapshot'])]), 'description': Any([<type 'str'>, <type 'unicode'>]), 'options': <type 'dict'>}
2017-11-10 02:53:33,254 DEBUG     curator.validators.SchemaCheck               __init__:27   "structure" config: {'action': 'create_index', 'description': 'For monthly creation of Elasticsearch index', 'options': {'continue_if_exception': False, 'extra_settings': {'settings': {'number_of_replicas': '0', 'number_of_shards': '4'}}, 'timeout_override': None, 'name': 'graylog-aws-%Y-%m', 'disable_action': False}}
2017-11-10 02:53:33,259 DEBUG     curator.validators.SchemaCheck               __init__:26   Schema: {'continue_if_exception': Any([<type 'bool'>, All(Any([<type 'str'>, <type 'unicode'>]), <function Boolean at 0x7f121606a1b8>, msg=None)]), 'timeout_override': Any([Coerce(int, msg=None), None]), 'name': Any([<type 'str'>, <type 'unicode'>]), 'disable_action': Any([<type 'bool'>, All(Any([<type 'str'>, <type 'unicode'>]), <function Boolean at 0x7f121606a5f0>, msg=None)]), 'extra_settings': <type 'dict'>, 'ignore_empty_list': Any([<type 'bool'>, All(Any([<type 'str'>, <type 'unicode'>]), <function Boolean at 0x7f121606aa28>, msg=None)])}
2017-11-10 02:53:33,259 DEBUG     curator.validators.SchemaCheck               __init__:27   "options" config: {'continue_if_exception': False, 'extra_settings': {'settings': {'number_of_replicas': '0', 'number_of_shards': '4'}}, 'name': 'graylog-aws-%Y-%m', 'disable_action': False}
2017-11-10 02:53:33,259 DEBUG                curator.cli                    run:121  Full list of actions: {1: {'action': 'create_index', 'description': 'For monthly creation of Elasticsearch index', 'options': {'name': 'graylog-aws-%Y-%m', 'ignore_empty_list': False, 'continue_if_exception': False, 'timeout_override': None, 'disable_action': False, 'extra_settings': {'settings': {'number_of_replicas': '0', 'number_of_shards': '4'}}}}}
2017-11-10 02:53:33,259 DEBUG                curator.cli                    run:126  action_disabled = False
2017-11-10 02:53:33,259 DEBUG                curator.cli                    run:130  continue_if_exception = False
2017-11-10 02:53:33,259 DEBUG                curator.cli                    run:132  timeout_override = None
2017-11-10 02:53:33,259 DEBUG                curator.cli                    run:134  ignore_empty_list = False
2017-11-10 02:53:33,259 INFO                 curator.cli                    run:144  Preparing Action ID: 1, "create_index"
2017-11-10 02:53:33,259 DEBUG              curator.utils             get_client:803  kwargs = {'aws_secret_key': None, 'url_prefix': '', 'http_auth': None, 'certificate': None, 'aws_key': None, 'aws_sign_request': False, 'port': 9200, 'hosts': ['127.0.0.1'], 'timeout': 30, 'aws_token': None, 'use_ssl': False, 'master_only': False, 'client_cert': None, 'ssl_no_validate': False, 'client_key': None}
2017-11-10 02:53:33,260 DEBUG              curator.utils             get_client:878  Not using "requests_aws4auth" python module to connect.
2017-11-10 02:53:33,263 DEBUG              curator.utils          check_version:689  Detected Elasticsearch version 5.5.1
2017-11-10 02:53:33,263 DEBUG                curator.cli                    run:159  client is <class 'elasticsearch.client.Elasticsearch'>
2017-11-10 02:53:33,263 INFO                 curator.cli                    run:165  Trying Action ID: 1, "create_index": For monthly creation of Elasticsearch index
2017-11-10 02:53:33,263 DEBUG                curator.cli         process_action:44   Configuration dictionary: {'action': 'create_index', 'description': 'For monthly creation of Elasticsearch index', 'options': {'name': 'graylog-aws-%Y-%m', 'extra_settings': {'settings': {'number_of_replicas': '0', 'number_of_shards': '4'}}}}
2017-11-10 02:53:33,263 DEBUG                curator.cli         process_action:45   kwargs: {'master_timeout': 30, 'dry_run': False}
2017-11-10 02:53:33,263 DEBUG                curator.cli         process_action:50   opts: {'name': 'graylog-aws-%Y-%m', 'extra_settings': {'settings': {'number_of_replicas': '0', 'number_of_shards': '4'}}}
2017-11-10 02:53:33,263 DEBUG                curator.cli         process_action:62   Action kwargs: {'extra_settings': {'settings': {'number_of_replicas': '0', 'number_of_shards': '4'}}, 'name': 'graylog-aws-%Y-%m'}
2017-11-10 02:53:33,263 DEBUG              curator.utils     parse_date_pattern:1341 Partially rendered name: g
2017-11-10 02:53:33,263 DEBUG              curator.utils     parse_date_pattern:1341 Partially rendered name: gr
2017-11-10 02:53:33,263 DEBUG              curator.utils     parse_date_pattern:1341 Partially rendered name: gra
2017-11-10 02:53:33,264 DEBUG              curator.utils     parse_date_pattern:1341 Partially rendered name: gray
2017-11-10 02:53:33,264 DEBUG              curator.utils     parse_date_pattern:1341 Partially rendered name: grayl
2017-11-10 02:53:33,264 DEBUG              curator.utils     parse_date_pattern:1341 Partially rendered name: graylo
2017-11-10 02:53:33,264 DEBUG              curator.utils     parse_date_pattern:1341 Partially rendered name: graylog
2017-11-10 02:53:33,264 DEBUG              curator.utils     parse_date_pattern:1341 Partially rendered name: graylog-
2017-11-10 02:53:33,264 DEBUG              curator.utils     parse_date_pattern:1341 Partially rendered name: graylog-a
2017-11-10 02:53:33,264 DEBUG              curator.utils     parse_date_pattern:1341 Partially rendered name: graylog-aw
2017-11-10 02:53:33,264 DEBUG              curator.utils     parse_date_pattern:1341 Partially rendered name: graylog-aws
2017-11-10 02:53:33,264 DEBUG              curator.utils     parse_date_pattern:1341 Partially rendered name: graylog-aws-
2017-11-10 02:53:33,264 DEBUG              curator.utils     parse_date_pattern:1341 Partially rendered name: graylog-aws-
2017-11-10 02:53:33,264 DEBUG              curator.utils     parse_date_pattern:1341 Partially rendered name: graylog-aws-2017
2017-11-10 02:53:33,264 DEBUG              curator.utils     parse_date_pattern:1341 Partially rendered name: graylog-aws-2017-
2017-11-10 02:53:33,264 DEBUG              curator.utils     parse_date_pattern:1341 Partially rendered name: graylog-aws-2017-
2017-11-10 02:53:33,264 DEBUG              curator.utils     parse_date_pattern:1341 Partially rendered name: graylog-aws-2017-11
2017-11-10 02:53:33,264 DEBUG              curator.utils     parse_date_pattern:1343 Fully rendered name: graylog-aws-2017-11
2017-11-10 02:53:33,264 DEBUG                curator.cli         process_action:99   Doing the action here.
2017-11-10 02:53:33,265 INFO      curator.actions.create_index              do_action:438  Creating index "graylog-aws-2017-11" with settings: {'settings': {'number_of_replicas': '0', 'number_of_shards': '4'}}
2017-11-10 02:53:34,129 INFO                 curator.cli                    run:194  Action ID: 1, "create_index" completed.
2017-11-10 02:53:34,130 INFO                 curator.cli                    run:195  Job completed.
2017-11-10 03:14:41,115 DEBUG                curator.cli                    run:108  Client and logging options validated.
2017-11-10 03:14:41,115 DEBUG                curator.cli                    run:112  default_timeout = 30
2017-11-10 03:14:41,115 DEBUG                curator.cli                    run:116  action_file: ./delete_index.yml
2017-11-10 03:14:41,119 DEBUG                curator.cli                    run:118  action_config: {'actions': {1: {'action': 'delete_indices', 'description': 'Delete indices older than 3 months (based on index name). Ignore the error if the filter does not result in an actionable list of indices (ignore_empty_list) and exit cleanly.', 'filters': [{'exclude': None, 'kind': 'prefix', 'filtertype': 'pattern', 'value': 'graylog-aws'}, {'source': 'name', 'direction': 'older', 'unit_count': 3, 'timestring': '%Y-%m', 'exclude': None, 'filtertype': 'age', 'unit': 'months'}], 'options': {'continue_if_exception': False, 'timeout_override': None, 'ignore_empty_list': True, 'disable_action': False}}}}
2017-11-10 03:14:41,119 DEBUG     curator.validators.SchemaCheck               __init__:26   Schema: {'actions': <type 'dict'>}
2017-11-10 03:14:41,119 DEBUG     curator.validators.SchemaCheck               __init__:27   "Actions File" config: {'actions': {1: {'action': 'delete_indices', 'description': 'Delete indices older than 3 months (based on index name). Ignore the error if the filter does not result in an actionable list of indices (ignore_empty_list) and exit cleanly.', 'filters': [{'exclude': None, 'kind': 'prefix', 'filtertype': 'pattern', 'value': 'graylog-aws'}, {'source': 'name', 'direction': 'older', 'unit_count': 3, 'timestring': '%Y-%m', 'exclude': None, 'filtertype': 'age', 'unit': 'months'}], 'options': {'continue_if_exception': False, 'timeout_override': None, 'ignore_empty_list': True, 'disable_action': False}}}}
2017-11-10 03:14:41,119 DEBUG     curator.validators.SchemaCheck               __init__:26   Schema: {'action': Any([In(['alias', 'allocation', 'close', 'cluster_routing', 'create_index', 'delete_indices', 'delete_snapshots', 'forcemerge', 'index_settings', 'open', 'reindex', 'replicas', 'restore', 'rollover', 'shrink', 'snapshot'])])}
2017-11-10 03:14:41,119 DEBUG     curator.validators.SchemaCheck               __init__:27   "action type" config: {'action': 'delete_indices', 'description': 'Delete indices older than 3 months (based on index name). Ignore the error if the filter does not result in an actionable list of indices (ignore_empty_list) and exit cleanly.', 'filters': [{'exclude': None, 'kind': 'prefix', 'filtertype': 'pattern', 'value': 'graylog-aws'}, {'source': 'name', 'direction': 'older', 'unit_count': 3, 'timestring': '%Y-%m', 'exclude': None, 'filtertype': 'age', 'unit': 'months'}], 'options': {'continue_if_exception': False, 'timeout_override': None, 'ignore_empty_list': True, 'disable_action': False}}
2017-11-10 03:14:41,120 DEBUG     curator.validators.SchemaCheck               __init__:26   Schema: {'action': Any([In(['alias', 'allocation', 'close', 'cluster_routing', 'create_index', 'delete_indices', 'delete_snapshots', 'forcemerge', 'index_settings', 'open', 'reindex', 'replicas', 'restore', 'rollover', 'shrink', 'snapshot'])]), 'description': Any([<type 'str'>, <type 'unicode'>]), 'filters': <type 'list'>, 'options': <type 'dict'>}
2017-11-10 03:14:41,120 DEBUG     curator.validators.SchemaCheck               __init__:27   "structure" config: {'action': 'delete_indices', 'description': 'Delete indices older than 3 months (based on index name). Ignore the error if the filter does not result in an actionable list of indices (ignore_empty_list) and exit cleanly.', 'filters': [{'exclude': None, 'kind': 'prefix', 'filtertype': 'pattern', 'value': 'graylog-aws'}, {'source': 'name', 'direction': 'older', 'unit_count': 3, 'timestring': '%Y-%m', 'exclude': None, 'filtertype': 'age', 'unit': 'months'}], 'options': {'continue_if_exception': False, 'timeout_override': None, 'ignore_empty_list': True, 'disable_action': False}}
2017-11-10 03:14:41,125 DEBUG     curator.validators.SchemaCheck               __init__:26   Schema: {'continue_if_exception': Any([<type 'bool'>, All(Any([<type 'str'>, <type 'unicode'>]), <function Boolean at 0x7fda190bb398>, msg=None)]), 'timeout_override': Any([Coerce(int, msg=None), None]), 'ignore_empty_list': Any([<type 'bool'>, All(Any([<type 'str'>, <type 'unicode'>]), <function Boolean at 0x7fda190bbc08>, msg=None)]), 'disable_action': Any([<type 'bool'>, All(Any([<type 'str'>, <type 'unicode'>]), <function Boolean at 0x7fda190bb7d0>, msg=None)])}
2017-11-10 03:14:41,125 DEBUG     curator.validators.SchemaCheck               __init__:27   "options" config: {'continue_if_exception': False, 'ignore_empty_list': True, 'disable_action': False}
2017-11-10 03:14:41,125 DEBUG     curator.validators.SchemaCheck               __init__:26   Schema: <function f at 0x7fda190ca5f0>
2017-11-10 03:14:41,125 DEBUG     curator.validators.SchemaCheck               __init__:27   "filters" config: [{'exclude': None, 'kind': 'prefix', 'filtertype': 'pattern', 'value': 'graylog-aws'}, {'source': 'name', 'direction': 'older', 'unit_count': 3, 'timestring': '%Y-%m', 'exclude': None, 'filtertype': 'age', 'unit': 'months'}]
2017-11-10 03:14:41,126 DEBUG     curator.validators.SchemaCheck               __init__:26   Schema: {'exclude': Any([<type 'bool'>, All(Any([<type 'str'>, <type 'unicode'>]), <function Boolean at 0x7fda190cacf8>, msg=None)]), 'kind': Any(['prefix', 'suffix', 'timestring', 'regex']), 'filtertype': Any([In(['age', 'alias', 'allocated', 'closed', 'count', 'forcemerged', 'kibana', 'none', 'opened', 'pattern', 'period', 'space', 'state'])]), 'value': Any([<type 'str'>, <type 'unicode'>])}
2017-11-10 03:14:41,126 DEBUG     curator.validators.SchemaCheck               __init__:27   "filter" config: {'kind': 'prefix', 'filtertype': 'pattern', 'value': 'graylog-aws'}
2017-11-10 03:14:41,126 DEBUG     curator.validators.filters                      f:48   Filter #0: {'exclude': False, 'kind': 'prefix', 'filtertype': 'pattern', 'value': 'graylog-aws'}
2017-11-10 03:14:41,126 DEBUG     curator.defaults.filtertypes                    age:56   AGE FILTER = [{'direction': Any(['older', 'younger'])}, {'unit': Any(['seconds', 'minutes', 'hours', 'days', 'weeks', 'months', 'years'])}, {'unit_count': Coerce(int, msg=None)}, {'unit_count_pattern': Any([<type 'str'>, <type 'unicode'>])}, {'epoch': Any([Coerce(int, msg=None), None])}, {'exclude': Any([<type 'bool'>, All(Any([<type 'str'>, <type 'unicode'>]), <function Boolean at 0x7fda190b1230>, msg=None)])}, {'source': Any(['name', 'creation_date', 'field_stats'])}, {'stats_result': Any(['min_value', 'max_value'])}, {'timestring': Any([<type 'str'>, <type 'unicode'>])}]
2017-11-10 03:14:41,126 DEBUG     curator.validators.SchemaCheck               __init__:26   Schema: {'source': Any(['name', 'creation_date', 'field_stats']), 'direction': Any(['older', 'younger']), 'stats_result': Any(['min_value', 'max_value']), 'timestring': Any([<type 'str'>, <type 'unicode'>]), 'exclude': Any([<type 'bool'>, All(Any([<type 'str'>, <type 'unicode'>]), <function Boolean at 0x7fda190b1230>, msg=None)]), 'filtertype': Any([In(['age', 'alias', 'allocated', 'closed', 'count', 'forcemerged', 'kibana', 'none', 'opened', 'pattern', 'period', 'space', 'state'])]), 'unit_count': Coerce(int, msg=None), 'epoch': Any([Coerce(int, msg=None), None]), 'unit': Any(['seconds', 'minutes', 'hours', 'days', 'weeks', 'months', 'years']), 'unit_count_pattern': Any([<type 'str'>, <type 'unicode'>])}
2017-11-10 03:14:41,126 DEBUG     curator.validators.SchemaCheck               __init__:27   "filter" config: {'direction': 'older', 'filtertype': 'age', 'source': 'name', 'timestring': '%Y-%m', 'unit_count': 3, 'unit': 'months'}
2017-11-10 03:14:41,127 DEBUG     curator.validators.filters                      f:48   Filter #1: {'direction': 'older', 'stats_result': 'min_value', 'filtertype': 'age', 'source': 'name', 'epoch': None, 'timestring': '%Y-%m', 'exclude': False, 'unit_count': 3, 'unit': 'months'}
2017-11-10 03:14:41,127 DEBUG                curator.cli                    run:121  Full list of actions: {1: {'action': 'delete_indices', 'description': 'Delete indices older than 3 months (based on index name). Ignore the error if the filter does not result in an actionable list of indices (ignore_empty_list) and exit cleanly.', 'filters': [{'exclude': False, 'kind': 'prefix', 'filtertype': 'pattern', 'value': 'graylog-aws'}, {'direction': 'older', 'stats_result': 'min_value', 'filtertype': 'age', 'source': 'name', 'epoch': None, 'timestring': '%Y-%m', 'exclude': False, 'unit_count': 3, 'unit': 'months'}], 'options': {'continue_if_exception': False, 'timeout_override': None, 'ignore_empty_list': True, 'disable_action': False}}}
2017-11-10 03:14:41,127 DEBUG                curator.cli                    run:126  action_disabled = False
2017-11-10 03:14:41,127 DEBUG                curator.cli                    run:130  continue_if_exception = False
2017-11-10 03:14:41,127 DEBUG                curator.cli                    run:132  timeout_override = None
2017-11-10 03:14:41,127 DEBUG                curator.cli                    run:134  ignore_empty_list = True
2017-11-10 03:14:41,127 INFO                 curator.cli                    run:144  Preparing Action ID: 1, "delete_indices"
2017-11-10 03:14:41,127 DEBUG              curator.utils             get_client:803  kwargs = {'aws_secret_key': None, 'url_prefix': '', 'http_auth': None, 'certificate': None, 'aws_key': None, 'aws_sign_request': False, 'port': 9200, 'hosts': ['127.0.0.1'], 'timeout': 30, 'aws_token': None, 'use_ssl': False, 'master_only': False, 'client_cert': None, 'ssl_no_validate': False, 'client_key': None}
2017-11-10 03:14:41,127 DEBUG              curator.utils             get_client:878  Not using "requests_aws4auth" python module to connect.
2017-11-10 03:14:41,131 DEBUG              curator.utils          check_version:689  Detected Elasticsearch version 5.5.1
2017-11-10 03:14:41,131 DEBUG                curator.cli                    run:159  client is <class 'elasticsearch.client.Elasticsearch'>
2017-11-10 03:14:41,131 INFO                 curator.cli                    run:165  Trying Action ID: 1, "delete_indices": Delete indices older than 3 months (based on index name). Ignore the error if the filter does not result in an actionable list of indices (ignore_empty_list) and exit cleanly.
2017-11-10 03:14:41,131 DEBUG                curator.cli         process_action:44   Configuration dictionary: {'action': 'delete_indices', 'description': 'Delete indices older than 3 months (based on index name). Ignore the error if the filter does not result in an actionable list of indices (ignore_empty_list) and exit cleanly.', 'filters': [{'exclude': False, 'kind': 'prefix', 'filtertype': 'pattern', 'value': 'graylog-aws'}, {'direction': 'older', 'stats_result': 'min_value', 'filtertype': 'age', 'source': 'name', 'epoch': None, 'timestring': '%Y-%m', 'exclude': False, 'unit_count': 3, 'unit': 'months'}], 'options': {}}
2017-11-10 03:14:41,131 DEBUG                curator.cli         process_action:45   kwargs: {'master_timeout': 30, 'dry_run': True}
2017-11-10 03:14:41,131 DEBUG                curator.cli         process_action:50   opts: {}
2017-11-10 03:14:41,132 DEBUG                curator.cli         process_action:62   Action kwargs: {'master_timeout': 30}
2017-11-10 03:14:41,132 DEBUG                curator.cli         process_action:91   Running "DELETE_INDICES"
2017-11-10 03:14:41,132 DEBUG          curator.indexlist          __get_indices:66   Getting all indices
2017-11-10 03:14:41,135 DEBUG              curator.utils            get_indices:644  Detected Elasticsearch version 5.5.1
2017-11-10 03:14:41,135 DEBUG              curator.utils            get_indices:646  All indices: [u'nginxlogs_20171109_0', u'accesslogs_0', u'graylog-aws-2017-11', u'top-terms', u'graylog_0', u'errorlogs_0', u'nginxtest_0']
2017-11-10 03:14:41,135 DEBUG          curator.indexlist     __build_index_info:81   Building preliminary index metadata for nginxlogs_20171109_0
2017-11-10 03:14:41,135 DEBUG          curator.indexlist     __build_index_info:81   Building preliminary index metadata for accesslogs_0
2017-11-10 03:14:41,135 DEBUG          curator.indexlist     __build_index_info:81   Building preliminary index metadata for graylog-aws-2017-11
2017-11-10 03:14:41,135 DEBUG          curator.indexlist     __build_index_info:81   Building preliminary index metadata for top-terms
2017-11-10 03:14:41,135 DEBUG          curator.indexlist     __build_index_info:81   Building preliminary index metadata for graylog_0
2017-11-10 03:14:41,135 DEBUG          curator.indexlist     __build_index_info:81   Building preliminary index metadata for errorlogs_0
2017-11-10 03:14:41,135 DEBUG          curator.indexlist     __build_index_info:81   Building preliminary index metadata for nginxtest_0
2017-11-10 03:14:41,135 DEBUG          curator.indexlist          _get_metadata:147  Getting index metadata
2017-11-10 03:14:41,135 DEBUG          curator.indexlist       empty_list_check:184  Checking for empty list
2017-11-10 03:14:41,139 DEBUG          curator.indexlist       _get_index_stats:115  Getting index stats
2017-11-10 03:14:41,140 DEBUG          curator.indexlist       empty_list_check:184  Checking for empty list
2017-11-10 03:14:41,140 DEBUG          curator.indexlist           working_list:195  Generating working list of indices
2017-11-10 03:14:41,140 DEBUG          curator.indexlist           working_list:195  Generating working list of indices
2017-11-10 03:14:41,144 DEBUG          curator.indexlist     iterate_over_stats:124  Index: nginxlogs_20171109_0  Size: 648.0B  Docs: 0
2017-11-10 03:14:41,144 DEBUG          curator.indexlist     iterate_over_stats:124  Index: accesslogs_0  Size: 4.2MB  Docs: 11381
2017-11-10 03:14:41,144 DEBUG          curator.indexlist     iterate_over_stats:124  Index: graylog-aws-2017-11  Size: 648.0B  Docs: 0
2017-11-10 03:14:41,144 DEBUG          curator.indexlist     iterate_over_stats:124  Index: top-terms  Size: 5.2KB  Docs: 1
2017-11-10 03:14:41,144 DEBUG          curator.indexlist     iterate_over_stats:124  Index: graylog_0  Size: 8.9MB  Docs: 30978
2017-11-10 03:14:41,145 DEBUG          curator.indexlist     iterate_over_stats:124  Index: errorlogs_0  Size: 252.6KB  Docs: 146
2017-11-10 03:14:41,145 DEBUG          curator.indexlist     iterate_over_stats:124  Index: nginxtest_0  Size: 764.0B  Docs: 0
2017-11-10 03:14:41,145 DEBUG          curator.indexlist        iterate_filters:1052 Iterating over a list of filters
2017-11-10 03:14:41,145 DEBUG          curator.indexlist        iterate_filters:1058 All filters: [{'exclude': False, 'kind': 'prefix', 'filtertype': 'pattern', 'value': 'graylog-aws'}, {'direction': 'older', 'stats_result': 'min_value', 'filtertype': 'age', 'source': 'name', 'epoch': None, 'timestring': '%Y-%m', 'exclude': False, 'unit_count': 3, 'unit': 'months'}]
2017-11-10 03:14:41,145 DEBUG          curator.indexlist        iterate_filters:1060 Top of the loop: [u'nginxlogs_20171109_0', u'accesslogs_0', u'graylog-aws-2017-11', u'top-terms', u'graylog_0', u'errorlogs_0', u'nginxtest_0']
2017-11-10 03:14:41,145 DEBUG          curator.indexlist        iterate_filters:1061 Un-parsed filter args: {'exclude': False, 'kind': 'prefix', 'filtertype': 'pattern', 'value': 'graylog-aws'}
2017-11-10 03:14:41,146 DEBUG     curator.validators.SchemaCheck               __init__:26   Schema: {'threshold_behavior': Any([<type 'str'>, <type 'unicode'>]), 'direction': Any([<type 'str'>, <type 'unicode'>]), 'intersect': Any([<type 'int'>, <type 'str'>, <type 'unicode'>, <type 'bool'>, None]), 'week_starts_on': Any([<type 'str'>, <type 'unicode'>, None]), 'range_from': Coerce(int, msg=None), 'key': Any([<type 'str'>, <type 'unicode'>]), 'date_to': Any([<type 'str'>, <type 'unicode'>, None]), 'max_num_segments': Coerce(int, msg=None), 'exclude': Any([<type 'int'>, <type 'str'>, <type 'unicode'>, <type 'bool'>, None]), 'disk_space': <type 'float'>, 'date_from_format': Any([<type 'str'>, <type 'unicode'>, None]), 'unit': Any([<type 'str'>, <type 'unicode'>]), 'aliases': Any([<type 'str'>, [<type 'str'>], <type 'unicode'>, [<type 'unicode'>]]), 'count': Coerce(int, msg=None), 'kind': Any([<type 'str'>, <type 'unicode'>]), 'stats_result': Any([<type 'str'>, <type 'unicode'>, None]), 'reverse': Any([<type 'int'>, <type 'str'>, <type 'unicode'>, <type 'bool'>, None]), 'source': Any([<type 'str'>, <type 'unicode'>]), 'pattern': Any([<type 'str'>, <type 'unicode'>]), 'date_from': Any([<type 'str'>, <type 'unicode'>, None]), 'filtertype': Any([In(['age', 'alias', 'allocated', 'closed', 'count', 'forcemerged', 'kibana', 'none', 'opened', 'pattern', 'period', 'space', 'state'])]), 'state': Any([<type 'str'>, <type 'unicode'>]), 'value': Any([<type 'int'>, <type 'float'>, <type 'str'>, <type 'unicode'>, <type 'bool'>]), 'unit_count_pattern': Any([<type 'str'>, <type 'unicode'>]), 'date_to_format': Any([<type 'str'>, <type 'unicode'>, None]), 'field': Any([<type 'str'>, <type 'unicode'>, None]), 'epoch': Any([Coerce(int, msg=None), None]), 'period_type': Any([<type 'str'>, <type 'unicode'>]), 'allocation_type': Any([<type 'str'>, <type 'unicode'>]), 'range_to': Coerce(int, msg=None), 'timestring': Any([<type 'str'>, <type 'unicode'>, None]), 'unit_count': Coerce(int, msg=None), 'use_age': <function Boolean at 0x7fda190ac9b0>}
2017-11-10 03:14:41,147 DEBUG     curator.validators.SchemaCheck               __init__:27   "filter" config: {'exclude': False, 'kind': 'prefix', 'filtertype': 'pattern', 'value': 'graylog-aws'}
2017-11-10 03:14:41,147 DEBUG          curator.indexlist        iterate_filters:1068 Parsed filter args: {'exclude': False, 'kind': 'prefix', 'filtertype': 'pattern', 'value': 'graylog-aws'}
2017-11-10 03:14:41,147 DEBUG              curator.utils        iterate_filters:1077 Filter args: {'exclude': False, 'kind': 'prefix', 'value': 'graylog-aws'}
2017-11-10 03:14:41,147 DEBUG              curator.utils        iterate_filters:1078 Pre-instance: [u'nginxlogs_20171109_0', u'accesslogs_0', u'graylog-aws-2017-11', u'top-terms', u'graylog_0', u'errorlogs_0', u'nginxtest_0']
2017-11-10 03:14:41,147 DEBUG          curator.indexlist        filter_by_regex:364  Filtering indices by regex
2017-11-10 03:14:41,147 DEBUG          curator.indexlist       empty_list_check:184  Checking for empty list
2017-11-10 03:14:41,147 DEBUG          curator.indexlist           working_list:195  Generating working list of indices
2017-11-10 03:14:41,148 DEBUG          curator.indexlist        filter_by_regex:385  Filter by regex: Index: nginxlogs_20171109_0
2017-11-10 03:14:41,148 DEBUG          curator.indexlist       __not_actionable:40   Index nginxlogs_20171109_0 is not actionable, removing from list.
2017-11-10 03:14:41,148 DEBUG          curator.indexlist        filter_by_regex:385  Filter by regex: Index: accesslogs_0
2017-11-10 03:14:41,148 DEBUG          curator.indexlist       __not_actionable:40   Index accesslogs_0 is not actionable, removing from list.
2017-11-10 03:14:41,148 DEBUG          curator.indexlist        filter_by_regex:385  Filter by regex: Index: graylog-aws-2017-11
2017-11-10 03:14:41,148 DEBUG          curator.indexlist           __actionable:36   Index graylog-aws-2017-11 is actionable and remains in the list.
2017-11-10 03:14:41,148 DEBUG          curator.indexlist        filter_by_regex:385  Filter by regex: Index: top-terms
2017-11-10 03:14:41,148 DEBUG          curator.indexlist       __not_actionable:40   Index top-terms is not actionable, removing from list.
2017-11-10 03:14:41,148 DEBUG          curator.indexlist        filter_by_regex:385  Filter by regex: Index: graylog_0
2017-11-10 03:14:41,149 DEBUG          curator.indexlist       __not_actionable:40   Index graylog_0 is not actionable, removing from list.
2017-11-10 03:14:41,149 DEBUG          curator.indexlist        filter_by_regex:385  Filter by regex: Index: errorlogs_0
2017-11-10 03:14:41,149 DEBUG          curator.indexlist       __not_actionable:40   Index errorlogs_0 is not actionable, removing from list.
2017-11-10 03:14:41,149 DEBUG          curator.indexlist        filter_by_regex:385  Filter by regex: Index: nginxtest_0
2017-11-10 03:14:41,149 DEBUG          curator.indexlist       __not_actionable:40   Index nginxtest_0 is not actionable, removing from list.
2017-11-10 03:14:41,149 DEBUG              curator.utils        iterate_filters:1080 Post-instance: [u'graylog-aws-2017-11']
2017-11-10 03:14:41,149 DEBUG          curator.indexlist        iterate_filters:1060 Top of the loop: [u'graylog-aws-2017-11']
2017-11-10 03:14:41,149 DEBUG          curator.indexlist        iterate_filters:1061 Un-parsed filter args: {'direction': 'older', 'stats_result': 'min_value', 'filtertype': 'age', 'source': 'name', 'epoch': None, 'timestring': '%Y-%m', 'exclude': False, 'unit_count': 3, 'unit': 'months'}
2017-11-10 03:14:41,151 DEBUG     curator.validators.SchemaCheck               __init__:26   Schema: {'threshold_behavior': Any([<type 'str'>, <type 'unicode'>]), 'direction': Any([<type 'str'>, <type 'unicode'>]), 'intersect': Any([<type 'int'>, <type 'str'>, <type 'unicode'>, <type 'bool'>, None]), 'week_starts_on': Any([<type 'str'>, <type 'unicode'>, None]), 'range_from': Coerce(int, msg=None), 'key': Any([<type 'str'>, <type 'unicode'>]), 'date_to': Any([<type 'str'>, <type 'unicode'>, None]), 'max_num_segments': Coerce(int, msg=None), 'exclude': Any([<type 'int'>, <type 'str'>, <type 'unicode'>, <type 'bool'>, None]), 'disk_space': <type 'float'>, 'date_from_format': Any([<type 'str'>, <type 'unicode'>, None]), 'unit': Any([<type 'str'>, <type 'unicode'>]), 'aliases': Any([<type 'str'>, [<type 'str'>], <type 'unicode'>, [<type 'unicode'>]]), 'count': Coerce(int, msg=None), 'kind': Any([<type 'str'>, <type 'unicode'>]), 'stats_result': Any([<type 'str'>, <type 'unicode'>, None]), 'reverse': Any([<type 'int'>, <type 'str'>, <type 'unicode'>, <type 'bool'>, None]), 'source': Any([<type 'str'>, <type 'unicode'>]), 'pattern': Any([<type 'str'>, <type 'unicode'>]), 'date_from': Any([<type 'str'>, <type 'unicode'>, None]), 'filtertype': Any([In(['age', 'alias', 'allocated', 'closed', 'count', 'forcemerged', 'kibana', 'none', 'opened', 'pattern', 'period', 'space', 'state'])]), 'state': Any([<type 'str'>, <type 'unicode'>]), 'value': Any([<type 'int'>, <type 'float'>, <type 'str'>, <type 'unicode'>, <type 'bool'>]), 'unit_count_pattern': Any([<type 'str'>, <type 'unicode'>]), 'date_to_format': Any([<type 'str'>, <type 'unicode'>, None]), 'field': Any([<type 'str'>, <type 'unicode'>, None]), 'epoch': Any([Coerce(int, msg=None), None]), 'period_type': Any([<type 'str'>, <type 'unicode'>]), 'allocation_type': Any([<type 'str'>, <type 'unicode'>]), 'range_to': Coerce(int, msg=None), 'timestring': Any([<type 'str'>, <type 'unicode'>, None]), 'unit_count': Coerce(int, msg=None), 'use_age': <function Boolean at 0x7fda190cac80>}
2017-11-10 03:14:41,151 DEBUG     curator.validators.SchemaCheck               __init__:27   "filter" config: {'direction': 'older', 'stats_result': 'min_value', 'filtertype': 'age', 'source': 'name', 'epoch': None, 'timestring': '%Y-%m', 'exclude': False, 'unit_count': 3, 'unit': 'months'}
2017-11-10 03:14:41,151 DEBUG          curator.indexlist        iterate_filters:1068 Parsed filter args: {'direction': 'older', 'stats_result': 'min_value', 'filtertype': 'age', 'source': 'name', 'epoch': None, 'timestring': '%Y-%m', 'exclude': False, 'unit_count': 3, 'unit': 'months'}
2017-11-10 03:14:41,151 DEBUG              curator.utils        iterate_filters:1077 Filter args: {'direction': 'older', 'stats_result': 'min_value', 'source': 'name', 'epoch': None, 'timestring': '%Y-%m', 'exclude': False, 'unit_count': 3, 'unit': 'months'}
2017-11-10 03:14:41,151 DEBUG              curator.utils        iterate_filters:1078 Pre-instance: [u'graylog-aws-2017-11']
2017-11-10 03:14:41,151 DEBUG          curator.indexlist          filter_by_age:424  Filtering indices by age
2017-11-10 03:14:41,151 DEBUG          curator.indexlist   _get_name_based_ages:229  Getting ages of indices by "name"
2017-11-10 03:14:41,152 DEBUG          curator.indexlist       empty_list_check:184  Checking for empty list
2017-11-10 03:14:41,152 DEBUG              curator.utils         get_date_regex:195  regex = \d{4}\-\d{2}
2017-11-10 03:14:41,152 DEBUG          curator.indexlist           working_list:195  Generating working list of indices
2017-11-10 03:14:41,153 DEBUG          curator.indexlist           working_list:195  Generating working list of indices
2017-11-10 03:14:41,153 DEBUG          curator.indexlist       __not_actionable:40   Index graylog-aws-2017-11 is not actionable, removing from list.
2017-11-10 03:14:41,153 DEBUG          curator.indexlist            __excludify:59   Removed from actionable list: Index "graylog-aws-2017-11" age (1509494400), direction: "older", point of reference, (1502507681)
2017-11-10 03:14:41,153 DEBUG              curator.utils        iterate_filters:1080 Post-instance: []
2017-11-10 03:14:41,154 DEBUG     curator.actions.delete_indices               __init__:468  master_timeout value: 30s
2017-11-10 03:14:41,154 INFO               curator.utils           show_dry_run:912  DRY-RUN MODE.  No changes will be made.
2017-11-10 03:14:41,154 INFO               curator.utils           show_dry_run:915  (CLOSED) indices may be shown that may not be acted on by action "delete_indices".
2017-11-10 03:14:41,154 INFO                 curator.cli                    run:194  Action ID: 1, "delete_indices" completed.
2017-11-10 03:14:41,154 INFO                 curator.cli                    run:195  Job completed.
2017-11-10 03:16:06,871 INFO      Preparing Action ID: 1, "delete_indices"
2017-11-10 03:16:06,874 INFO      Trying Action ID: 1, "delete_indices": Delete indices older than 3 months (based on index name). Ignore the error if the filter does not result in an actionable list of indices (ignore_empty_list) and exit cleanly.
2017-11-10 03:16:06,887 INFO      DRY-RUN MODE.  No changes will be made.
2017-11-10 03:16:06,887 INFO      (CLOSED) indices may be shown that may not be acted on by action "delete_indices".
2017-11-10 03:16:06,888 INFO      DRY-RUN: delete_indices: graylog-aws-2017-11 with arguments: {}
2017-11-10 03:16:06,888 INFO      Action ID: 1, "delete_indices" completed.
2017-11-10 03:16:06,888 INFO      Job completed.
2017-11-10 03:16:40,514 INFO      Preparing Action ID: 1, "delete_indices"
2017-11-10 03:16:40,517 INFO      Trying Action ID: 1, "delete_indices": Delete indices older than 3 months (based on index name). Ignore the error if the filter does not result in an actionable list of indices (ignore_empty_list) and exit cleanly.
2017-11-10 03:16:40,534 INFO      Deleting selected indices: [u'graylog-aws-2017-11']
2017-11-10 03:16:40,534 INFO      ---deleting index graylog-aws-2017-11
2017-11-10 03:16:40,617 INFO      Action ID: 1, "delete_indices" completed.
2017-11-10 03:16:40,617 INFO      Job completed.
2017-11-10 03:17:25,424 INFO      Preparing Action ID: 1, "delete_indices"
2017-11-10 03:17:25,427 INFO      Trying Action ID: 1, "delete_indices": Delete indices older than 3 months (based on index name). Ignore the error if the filter does not result in an actionable list of indices (ignore_empty_list) and exit cleanly.
2017-11-10 03:17:25,436 INFO      DRY-RUN MODE.  No changes will be made.
2017-11-10 03:17:25,436 INFO      (CLOSED) indices may be shown that may not be acted on by action "delete_indices".
2017-11-10 03:17:25,436 INFO      Action ID: 1, "delete_indices" completed.
2017-11-10 03:17:25,436 INFO      Job completed.
2017-11-10 03:18:19,072 INFO      Preparing Action ID: 1, "delete_indices"
2017-11-10 03:18:19,075 INFO      Trying Action ID: 1, "delete_indices": Delete indices older than 3 months (based on index name). Ignore the error if the filter does not result in an actionable list of indices (ignore_empty_list) and exit cleanly.
2017-11-10 03:18:19,087 INFO      Skipping action "delete_indices" due to empty list: <class 'curator.exceptions.NoIndices'>
2017-11-10 03:18:19,087 INFO      Action ID: 1, "delete_indices" completed.
2017-11-10 03:18:19,087 INFO      Job completed.
2017-11-10 03:19:32,851 INFO      Preparing Action ID: 1, "create_index"
2017-11-10 03:19:32,854 INFO      Trying Action ID: 1, "create_index": For monthly creation of Elasticsearch index
2017-11-10 03:19:32,854 INFO      DRY-RUN MODE.  No changes will be made.
2017-11-10 03:19:32,854 INFO      DRY-RUN: create_index "graylog-aws-2017-11" with arguments: {'settings': {'number_of_replicas': '0', 'number_of_shards': '4'}}
2017-11-10 03:19:32,854 INFO      Action ID: 1, "create_index" completed.
2017-11-10 03:19:32,854 INFO      Job completed.
2017-11-10 03:19:36,254 INFO      Preparing Action ID: 1, "create_index"
2017-11-10 03:19:36,258 INFO      Trying Action ID: 1, "create_index": For monthly creation of Elasticsearch index
2017-11-10 03:19:36,258 INFO      Creating index "graylog-aws-2017-11" with settings: {'settings': {'number_of_replicas': '0', 'number_of_shards': '4'}}
2017-11-10 03:19:37,047 INFO      Action ID: 1, "create_index" completed.
2017-11-10 03:19:37,047 INFO      Job completed.
2017-11-10 03:19:55,425 INFO      Preparing Action ID: 1, "delete_indices"
2017-11-10 03:19:55,428 INFO      Trying Action ID: 1, "delete_indices": Delete indices older than 3 months (based on index name). Ignore the error if the filter does not result in an actionable list of indices (ignore_empty_list) and exit cleanly.
2017-11-10 03:19:55,439 INFO      DRY-RUN MODE.  No changes will be made.
2017-11-10 03:19:55,439 INFO      (CLOSED) indices may be shown that may not be acted on by action "delete_indices".
2017-11-10 03:19:55,439 INFO      Action ID: 1, "delete_indices" completed.
2017-11-10 03:19:55,439 INFO      Job completed.
2017-11-10 03:56:24,734 ERROR     Schema error: required key not provided @ data['repository']
2017-11-10 03:57:08,547 ERROR     Schema error: required key not provided @ data['repository']
2017-11-10 05:13:50,737 INFO      Preparing Action ID: 1, "snapshot"
2017-11-10 05:14:26,577 INFO      Preparing Action ID: 1, "snapshot"
2017-11-10 05:14:53,036 ERROR     Schema error: extra keys not allowed @ data['aws-region']
2017-11-10 05:15:38,140 INFO      Preparing Action ID: 1, "snapshot"
2017-11-10 05:15:38,174 INFO      Trying Action ID: 1, "snapshot": Snapshot indices older than 1 day (based on document timestamp).  Wait for the snapshot to complete.  Do not skip the repository filesystem access check.  Use the other options to create the snapshot.
2017-11-10 05:15:38,209 ERROR     Unable to complete action "snapshot".  No actionable items in list: <class 'curator.exceptions.NoIndices'>
2017-11-10 05:17:10,812 INFO      Preparing Action ID: 1, "snapshot"
2017-11-10 05:17:10,816 INFO      Trying Action ID: 1, "snapshot": Snapshot indices older than 1 day (based on document timestamp).  Wait for the snapshot to complete.  Do not skip the repository filesystem access check.  Use the other options to create the snapshot.
2017-11-10 05:17:10,831 ERROR     Unable to complete action "snapshot".  No actionable items in list: <class 'curator.exceptions.NoIndices'>
